array (
  'v' => 1,
  'tid' => 'UA-7053719-13',
  'cid' => '1103289137.1487236018',
  'uid' => 1,
  't' => 'event',
  'ec' => 'Формы',
  'ea' => 'Отправка',
  'el' => 'Тестовая форма',
  'ev' => 0,
)
array (
  'v' => 1,
  'tid' => 'UA-7053719-13',
  'cid' => '1103289137.1487236018',
  'uid' => 1,
  't' => 'event',
  'ec' => 'Формы',
  'ea' => 'Отправка',
  'el' => 'Тестовая форма',
  'ev' => 0,
)
array (
  'v' => 1,
  'tid' => 'UA-7053719-13',
  'cid' => '1103289137.1487236018',
  'uid' => 1,
  't' => 'event',
  'ec' => 'Формы',
  'ea' => 'Отправка',
  'el' => 'Тестовая форма',
  'ev' => 0,
)
array (
  'v' => 1,
  'tid' => 'UA-7053719-13',
  'cid' => '1103289137.1487236018',
  'uid' => 1,
  't' => 'event',
  'ec' => 'Формы',
  'ea' => 'Отправка',
  'el' => 'Тестовая форма',
  'ev' => 0,
)
array (
  'v' => 1,
  'tid' => 'UA-7053719-13',
  'cid' => '1103289137.1487236018',
  'uid' => 1,
  't' => 'event',
  'ec' => 'Формы',
  'ea' => 'Отправка',
  'el' => 'Тестовая форма',
  'ev' => 0,
)
