WPCF7_ContactForm::__set_state(array(
   'id' => 12,
   'name' => 'testovaya-forma',
   'title' => 'Тестовая форма',
   'properties' => 
  array (
    'form' => '<label> Ваше имя (обязательно)
    [text* your-name] </label>

<label> Ваш e-mail (обязательно)
    [email* your-email] </label>

<label> Тема
    [text your-subject] </label>

<label> Сообщение
    [textarea your-message] </label>

[submit "Отправить"]',
    'mail' => 
    array (
      'subject' => 'IN-Analytics.ru "[your-subject]"',
      'sender' => '[your-name] <wordpress@in-soft.pro>',
      'body' => 'От: [your-name] <[your-email]>
Тема: [your-subject]

Сообщение:
[your-message]

--
Это сообщение отправлено с сайта IN-Analytics.ru (http://in-analytics.ru)',
      'recipient' => 'ivan@nikitin.biz',
      'additional_headers' => 'Reply-To: [your-email]',
      'attachments' => '',
      'use_html' => false,
      'exclude_blank' => false,
    ),
    'mail_2' => 
    array (
      'active' => false,
      'subject' => 'IN-Analytics.ru "[your-subject]"',
      'sender' => 'IN-Analytics.ru <wordpress@in-soft.pro>',
      'body' => 'Сообщение:
[your-message]

--
Это сообщение отправлено с сайта IN-Analytics.ru (http://in-analytics.ru)',
      'recipient' => '[your-email]',
      'additional_headers' => 'Reply-To: ivan@nikitin.biz',
      'attachments' => '',
      'use_html' => false,
      'exclude_blank' => false,
    ),
    'messages' => 
    array (
      'mail_sent_ok' => 'Спасибо за Ваше сообщение. Оно было отправлено.',
      'mail_sent_ng' => 'Произошла ошибка при попытке отправить Ваше сообщение. Пожалуйста попробуйте ещё раз позже.',
      'validation_error' => 'Одно или несколько полей содержат ошибочные данные. Пожалуйста проверьте их и попробуйте ещё раз.',
      'spam' => 'Произошла ошибка при попытке отправить Ваше сообщение. Пожалуйста попробуйте ещё раз позже.',
      'accept_terms' => 'Вы должны принять условия и положения перед тем, как отправлять Ваше сообщение.',
      'invalid_required' => 'Поле обязательно.',
      'invalid_too_long' => 'Поле слишком длинное.',
      'invalid_too_short' => 'Поле слишком короткое.',
      'invalid_date' => 'Формат даты некорректен.',
      'date_too_early' => 'Введённая дата слишком далеко в прошлом.',
      'date_too_late' => 'Введённая дата слишком далеко в будущем.',
      'upload_failed' => 'При загрузке файла произошла неизвестная ошибка.',
      'upload_file_type_invalid' => 'Вам не разрешено загружать файлы этого типа.',
      'upload_file_too_large' => 'Файл слишком большой.',
      'upload_failed_php_error' => 'При загрузке файла произошла ошибка.',
      'invalid_number' => 'Формат числа некорректен.',
      'number_too_small' => 'Число меньше минимально допустимого.',
      'number_too_large' => 'Число больше максимально допустимого.',
      'quiz_answer_not_correct' => 'Ответ на задачку неверен.',
      'captcha_not_match' => 'Код введен неверно.',
      'invalid_email' => 'Введённый электронный адрес неверен.',
      'invalid_url' => 'Адрес ссылки неверен.',
      'invalid_tel' => 'Номер телефона неверен.',
    ),
    'additional_settings' => '',
  ),
   'unit_tag' => NULL,
   'responses_count' => 0,
   'scanned_form_tags' => 
  array (
    0 => 
    array (
      'type' => 'text*',
      'basetype' => 'text',
      'name' => 'your-name',
      'options' => 
      array (
      ),
      'raw_values' => 
      array (
      ),
      'values' => 
      array (
      ),
      'pipes' => 
      WPCF7_Pipes::__set_state(array(
         'pipes' => 
        array (
        ),
      )),
      'labels' => 
      array (
      ),
      'attr' => '',
      'content' => '',
    ),
    1 => 
    array (
      'type' => 'email*',
      'basetype' => 'email',
      'name' => 'your-email',
      'options' => 
      array (
      ),
      'raw_values' => 
      array (
      ),
      'values' => 
      array (
      ),
      'pipes' => 
      WPCF7_Pipes::__set_state(array(
         'pipes' => 
        array (
        ),
      )),
      'labels' => 
      array (
      ),
      'attr' => '',
      'content' => '',
    ),
    2 => 
    array (
      'type' => 'text',
      'basetype' => 'text',
      'name' => 'your-subject',
      'options' => 
      array (
      ),
      'raw_values' => 
      array (
      ),
      'values' => 
      array (
      ),
      'pipes' => 
      WPCF7_Pipes::__set_state(array(
         'pipes' => 
        array (
        ),
      )),
      'labels' => 
      array (
      ),
      'attr' => '',
      'content' => '',
    ),
    3 => 
    array (
      'type' => 'textarea',
      'basetype' => 'textarea',
      'name' => 'your-message',
      'options' => 
      array (
      ),
      'raw_values' => 
      array (
      ),
      'values' => 
      array (
      ),
      'pipes' => 
      WPCF7_Pipes::__set_state(array(
         'pipes' => 
        array (
        ),
      )),
      'labels' => 
      array (
      ),
      'attr' => '',
      'content' => '',
    ),
    4 => 
    array (
      'type' => 'submit',
      'basetype' => 'submit',
      'name' => '',
      'options' => 
      array (
      ),
      'raw_values' => 
      array (
        0 => 'Отправить',
      ),
      'values' => 
      array (
        0 => 'Отправить',
      ),
      'pipes' => 
      WPCF7_Pipes::__set_state(array(
         'pipes' => 
        array (
          0 => 
          WPCF7_Pipe::__set_state(array(
             'before' => 'Отправить',
             'after' => 'Отправить',
          )),
        ),
      )),
      'labels' => 
      array (
        0 => 'Отправить',
      ),
      'attr' => '',
      'content' => '',
    ),
  ),
   'shortcode_atts' => 
  array (
  ),
   'locale' => 'ru_RU',
))
WPCF7_ContactForm::__set_state(array(
   'id' => 12,
   'name' => 'testovaya-forma',
   'title' => 'Тестовая форма',
   'properties' => 
  array (
    'form' => '<label> Ваше имя (обязательно)
    [text* your-name] </label>

<label> Ваш e-mail (обязательно)
    [email* your-email] </label>

<label> Тема
    [text your-subject] </label>

<label> Сообщение
    [textarea your-message] </label>

[submit "Отправить"]',
    'mail' => 
    array (
      'subject' => 'IN-Analytics.ru "[your-subject]"',
      'sender' => '[your-name] <wordpress@in-soft.pro>',
      'body' => 'От: [your-name] <[your-email]>
Тема: [your-subject]

Сообщение:
[your-message]

--
Это сообщение отправлено с сайта IN-Analytics.ru (http://in-analytics.ru)',
      'recipient' => 'ivan@nikitin.biz',
      'additional_headers' => 'Reply-To: [your-email]',
      'attachments' => '',
      'use_html' => false,
      'exclude_blank' => false,
    ),
    'mail_2' => 
    array (
      'active' => false,
      'subject' => 'IN-Analytics.ru "[your-subject]"',
      'sender' => 'IN-Analytics.ru <wordpress@in-soft.pro>',
      'body' => 'Сообщение:
[your-message]

--
Это сообщение отправлено с сайта IN-Analytics.ru (http://in-analytics.ru)',
      'recipient' => '[your-email]',
      'additional_headers' => 'Reply-To: ivan@nikitin.biz',
      'attachments' => '',
      'use_html' => false,
      'exclude_blank' => false,
    ),
    'messages' => 
    array (
      'mail_sent_ok' => 'Спасибо за Ваше сообщение. Оно было отправлено.',
      'mail_sent_ng' => 'Произошла ошибка при попытке отправить Ваше сообщение. Пожалуйста попробуйте ещё раз позже.',
      'validation_error' => 'Одно или несколько полей содержат ошибочные данные. Пожалуйста проверьте их и попробуйте ещё раз.',
      'spam' => 'Произошла ошибка при попытке отправить Ваше сообщение. Пожалуйста попробуйте ещё раз позже.',
      'accept_terms' => 'Вы должны принять условия и положения перед тем, как отправлять Ваше сообщение.',
      'invalid_required' => 'Поле обязательно.',
      'invalid_too_long' => 'Поле слишком длинное.',
      'invalid_too_short' => 'Поле слишком короткое.',
      'invalid_date' => 'Формат даты некорректен.',
      'date_too_early' => 'Введённая дата слишком далеко в прошлом.',
      'date_too_late' => 'Введённая дата слишком далеко в будущем.',
      'upload_failed' => 'При загрузке файла произошла неизвестная ошибка.',
      'upload_file_type_invalid' => 'Вам не разрешено загружать файлы этого типа.',
      'upload_file_too_large' => 'Файл слишком большой.',
      'upload_failed_php_error' => 'При загрузке файла произошла ошибка.',
      'invalid_number' => 'Формат числа некорректен.',
      'number_too_small' => 'Число меньше минимально допустимого.',
      'number_too_large' => 'Число больше максимально допустимого.',
      'quiz_answer_not_correct' => 'Ответ на задачку неверен.',
      'captcha_not_match' => 'Код введен неверно.',
      'invalid_email' => 'Введённый электронный адрес неверен.',
      'invalid_url' => 'Адрес ссылки неверен.',
      'invalid_tel' => 'Номер телефона неверен.',
    ),
    'additional_settings' => '',
  ),
   'unit_tag' => NULL,
   'responses_count' => 0,
   'scanned_form_tags' => 
  array (
    0 => 
    array (
      'type' => 'text*',
      'basetype' => 'text',
      'name' => 'your-name',
      'options' => 
      array (
      ),
      'raw_values' => 
      array (
      ),
      'values' => 
      array (
      ),
      'pipes' => 
      WPCF7_Pipes::__set_state(array(
         'pipes' => 
        array (
        ),
      )),
      'labels' => 
      array (
      ),
      'attr' => '',
      'content' => '',
    ),
    1 => 
    array (
      'type' => 'email*',
      'basetype' => 'email',
      'name' => 'your-email',
      'options' => 
      array (
      ),
      'raw_values' => 
      array (
      ),
      'values' => 
      array (
      ),
      'pipes' => 
      WPCF7_Pipes::__set_state(array(
         'pipes' => 
        array (
        ),
      )),
      'labels' => 
      array (
      ),
      'attr' => '',
      'content' => '',
    ),
    2 => 
    array (
      'type' => 'text',
      'basetype' => 'text',
      'name' => 'your-subject',
      'options' => 
      array (
      ),
      'raw_values' => 
      array (
      ),
      'values' => 
      array (
      ),
      'pipes' => 
      WPCF7_Pipes::__set_state(array(
         'pipes' => 
        array (
        ),
      )),
      'labels' => 
      array (
      ),
      'attr' => '',
      'content' => '',
    ),
    3 => 
    array (
      'type' => 'textarea',
      'basetype' => 'textarea',
      'name' => 'your-message',
      'options' => 
      array (
      ),
      'raw_values' => 
      array (
      ),
      'values' => 
      array (
      ),
      'pipes' => 
      WPCF7_Pipes::__set_state(array(
         'pipes' => 
        array (
        ),
      )),
      'labels' => 
      array (
      ),
      'attr' => '',
      'content' => '',
    ),
    4 => 
    array (
      'type' => 'submit',
      'basetype' => 'submit',
      'name' => '',
      'options' => 
      array (
      ),
      'raw_values' => 
      array (
        0 => 'Отправить',
      ),
      'values' => 
      array (
        0 => 'Отправить',
      ),
      'pipes' => 
      WPCF7_Pipes::__set_state(array(
         'pipes' => 
        array (
          0 => 
          WPCF7_Pipe::__set_state(array(
             'before' => 'Отправить',
             'after' => 'Отправить',
          )),
        ),
      )),
      'labels' => 
      array (
        0 => 'Отправить',
      ),
      'attr' => '',
      'content' => '',
    ),
  ),
   'shortcode_atts' => 
  array (
  ),
   'locale' => 'ru_RU',
))
WPCF7_ContactForm::__set_state(array(
   'id' => 12,
   'name' => 'testovaya-forma',
   'title' => 'Тестовая форма',
   'properties' => 
  array (
    'form' => '<label> Ваше имя (обязательно)
    [text* your-name] </label>

<label> Ваш e-mail (обязательно)
    [email* your-email] </label>

<label> Тема
    [text your-subject] </label>

<label> Сообщение
    [textarea your-message] </label>

[submit "Отправить"]',
    'mail' => 
    array (
      'subject' => 'IN-Analytics.ru "[your-subject]"',
      'sender' => '[your-name] <wordpress@in-soft.pro>',
      'body' => 'От: [your-name] <[your-email]>
Тема: [your-subject]

Сообщение:
[your-message]

--
Это сообщение отправлено с сайта IN-Analytics.ru (http://in-analytics.ru)',
      'recipient' => 'ivan@nikitin.biz',
      'additional_headers' => 'Reply-To: [your-email]',
      'attachments' => '',
      'use_html' => false,
      'exclude_blank' => false,
    ),
    'mail_2' => 
    array (
      'active' => false,
      'subject' => 'IN-Analytics.ru "[your-subject]"',
      'sender' => 'IN-Analytics.ru <wordpress@in-soft.pro>',
      'body' => 'Сообщение:
[your-message]

--
Это сообщение отправлено с сайта IN-Analytics.ru (http://in-analytics.ru)',
      'recipient' => '[your-email]',
      'additional_headers' => 'Reply-To: ivan@nikitin.biz',
      'attachments' => '',
      'use_html' => false,
      'exclude_blank' => false,
    ),
    'messages' => 
    array (
      'mail_sent_ok' => 'Спасибо за Ваше сообщение. Оно было отправлено.',
      'mail_sent_ng' => 'Произошла ошибка при попытке отправить Ваше сообщение. Пожалуйста попробуйте ещё раз позже.',
      'validation_error' => 'Одно или несколько полей содержат ошибочные данные. Пожалуйста проверьте их и попробуйте ещё раз.',
      'spam' => 'Произошла ошибка при попытке отправить Ваше сообщение. Пожалуйста попробуйте ещё раз позже.',
      'accept_terms' => 'Вы должны принять условия и положения перед тем, как отправлять Ваше сообщение.',
      'invalid_required' => 'Поле обязательно.',
      'invalid_too_long' => 'Поле слишком длинное.',
      'invalid_too_short' => 'Поле слишком короткое.',
      'invalid_date' => 'Формат даты некорректен.',
      'date_too_early' => 'Введённая дата слишком далеко в прошлом.',
      'date_too_late' => 'Введённая дата слишком далеко в будущем.',
      'upload_failed' => 'При загрузке файла произошла неизвестная ошибка.',
      'upload_file_type_invalid' => 'Вам не разрешено загружать файлы этого типа.',
      'upload_file_too_large' => 'Файл слишком большой.',
      'upload_failed_php_error' => 'При загрузке файла произошла ошибка.',
      'invalid_number' => 'Формат числа некорректен.',
      'number_too_small' => 'Число меньше минимально допустимого.',
      'number_too_large' => 'Число больше максимально допустимого.',
      'quiz_answer_not_correct' => 'Ответ на задачку неверен.',
      'captcha_not_match' => 'Код введен неверно.',
      'invalid_email' => 'Введённый электронный адрес неверен.',
      'invalid_url' => 'Адрес ссылки неверен.',
      'invalid_tel' => 'Номер телефона неверен.',
    ),
    'additional_settings' => '',
  ),
   'unit_tag' => NULL,
   'responses_count' => 0,
   'scanned_form_tags' => 
  array (
    0 => 
    array (
      'type' => 'text*',
      'basetype' => 'text',
      'name' => 'your-name',
      'options' => 
      array (
      ),
      'raw_values' => 
      array (
      ),
      'values' => 
      array (
      ),
      'pipes' => 
      WPCF7_Pipes::__set_state(array(
         'pipes' => 
        array (
        ),
      )),
      'labels' => 
      array (
      ),
      'attr' => '',
      'content' => '',
    ),
    1 => 
    array (
      'type' => 'email*',
      'basetype' => 'email',
      'name' => 'your-email',
      'options' => 
      array (
      ),
      'raw_values' => 
      array (
      ),
      'values' => 
      array (
      ),
      'pipes' => 
      WPCF7_Pipes::__set_state(array(
         'pipes' => 
        array (
        ),
      )),
      'labels' => 
      array (
      ),
      'attr' => '',
      'content' => '',
    ),
    2 => 
    array (
      'type' => 'text',
      'basetype' => 'text',
      'name' => 'your-subject',
      'options' => 
      array (
      ),
      'raw_values' => 
      array (
      ),
      'values' => 
      array (
      ),
      'pipes' => 
      WPCF7_Pipes::__set_state(array(
         'pipes' => 
        array (
        ),
      )),
      'labels' => 
      array (
      ),
      'attr' => '',
      'content' => '',
    ),
    3 => 
    array (
      'type' => 'textarea',
      'basetype' => 'textarea',
      'name' => 'your-message',
      'options' => 
      array (
      ),
      'raw_values' => 
      array (
      ),
      'values' => 
      array (
      ),
      'pipes' => 
      WPCF7_Pipes::__set_state(array(
         'pipes' => 
        array (
        ),
      )),
      'labels' => 
      array (
      ),
      'attr' => '',
      'content' => '',
    ),
    4 => 
    array (
      'type' => 'submit',
      'basetype' => 'submit',
      'name' => '',
      'options' => 
      array (
      ),
      'raw_values' => 
      array (
        0 => 'Отправить',
      ),
      'values' => 
      array (
        0 => 'Отправить',
      ),
      'pipes' => 
      WPCF7_Pipes::__set_state(array(
         'pipes' => 
        array (
          0 => 
          WPCF7_Pipe::__set_state(array(
             'before' => 'Отправить',
             'after' => 'Отправить',
          )),
        ),
      )),
      'labels' => 
      array (
        0 => 'Отправить',
      ),
      'attr' => '',
      'content' => '',
    ),
  ),
   'shortcode_atts' => 
  array (
  ),
   'locale' => 'ru_RU',
))
