WC_Order::__set_state(array(
   'status_transition' => false,
   'data' => 
  array (
    'parent_id' => 0,
    'status' => 'pending',
    'currency' => 'RUB',
    'version' => '3.0.5',
    'prices_include_tax' => false,
    'date_created' => 
    WC_DateTime::__set_state(array(
       'utc_offset' => 10800,
       'date' => '2017-05-01 13:25:32.000000',
       'timezone_type' => 1,
       'timezone' => '+00:00',
    )),
    'date_modified' => 
    WC_DateTime::__set_state(array(
       'utc_offset' => 10800,
       'date' => '2017-05-01 13:25:32.000000',
       'timezone_type' => 1,
       'timezone' => '+00:00',
    )),
    'discount_total' => '0',
    'discount_tax' => '0',
    'shipping_total' => '0',
    'shipping_tax' => '0',
    'cart_tax' => '0',
    'total' => '1000',
    'total_tax' => '0',
    'customer_id' => 1,
    'order_key' => 'wc_order_5907374ce8cc4',
    'billing' => 
    array (
      'first_name' => 'Иван',
      'last_name' => 'Никитин',
      'company' => '',
      'address_1' => 'Комитетский лес, 10, кв. 25',
      'address_2' => '',
      'city' => 'Королев',
      'state' => 'Московская область',
      'postcode' => '141067',
      'country' => 'RU',
      'email' => 'ivan@nikitin.biz',
      'phone' => '79151732528',
    ),
    'shipping' => 
    array (
      'first_name' => '',
      'last_name' => '',
      'company' => '',
      'address_1' => '',
      'address_2' => '',
      'city' => '',
      'state' => '',
      'postcode' => '',
      'country' => '',
    ),
    'payment_method' => 'cheque',
    'payment_method_title' => 'Чековые платежи',
    'transaction_id' => '',
    'customer_ip_address' => '87.228.104.238',
    'customer_user_agent' => 'mozilla/5.0 (windows nt 10.0; win64; x64) applewebkit/537.36 (khtml, like gecko) chrome/58.0.3029.81 safari/537.36',
    'created_via' => 'checkout',
    'customer_note' => '',
    'date_completed' => NULL,
    'date_paid' => NULL,
    'cart_hash' => 'f78afdf53ff9de0c9a472711f8dda748',
  ),
   'items' => 
  array (
    'line_items' => 
    array (
    ),
  ),
   'items_to_delete' => 
  array (
  ),
   'cache_group' => 'orders',
   'data_store_name' => 'order',
   'object_type' => 'order',
   'id' => 26,
   'changes' => 
  array (
  ),
   'object_read' => true,
   'extra_data' => 
  array (
  ),
   'default_data' => 
  array (
    'parent_id' => 0,
    'status' => '',
    'currency' => '',
    'version' => '',
    'prices_include_tax' => false,
    'date_created' => NULL,
    'date_modified' => NULL,
    'discount_total' => 0,
    'discount_tax' => 0,
    'shipping_total' => 0,
    'shipping_tax' => 0,
    'cart_tax' => 0,
    'total' => 0,
    'total_tax' => 0,
    'customer_id' => 0,
    'order_key' => '',
    'billing' => 
    array (
      'first_name' => '',
      'last_name' => '',
      'company' => '',
      'address_1' => '',
      'address_2' => '',
      'city' => '',
      'state' => '',
      'postcode' => '',
      'country' => '',
      'email' => '',
      'phone' => '',
    ),
    'shipping' => 
    array (
      'first_name' => '',
      'last_name' => '',
      'company' => '',
      'address_1' => '',
      'address_2' => '',
      'city' => '',
      'state' => '',
      'postcode' => '',
      'country' => '',
    ),
    'payment_method' => '',
    'payment_method_title' => '',
    'transaction_id' => '',
    'customer_ip_address' => '',
    'customer_user_agent' => '',
    'created_via' => '',
    'customer_note' => '',
    'date_completed' => NULL,
    'date_paid' => NULL,
    'cart_hash' => '',
  ),
   'data_store' => 
  WC_Data_Store::__set_state(array(
     'instance' => 
    WC_Order_Data_Store_CPT::__set_state(array(
       'internal_meta_keys' => 
      array (
        0 => '_parent_id',
        1 => '_status',
        2 => '_currency',
        3 => '_version',
        4 => '_prices_include_tax',
        5 => '_date_created',
        6 => '_date_modified',
        7 => '_discount_total',
        8 => '_discount_tax',
        9 => '_shipping_total',
        10 => '_shipping_tax',
        11 => '_cart_tax',
        12 => '_total',
        13 => '_total_tax',
        14 => '_customer_id',
        15 => '_order_key',
        16 => '_billing',
        17 => '_shipping',
        18 => '_payment_method',
        19 => '_payment_method_title',
        20 => '_transaction_id',
        21 => '_customer_ip_address',
        22 => '_customer_user_agent',
        23 => '_created_via',
        24 => '_customer_note',
        25 => '_date_completed',
        26 => '_date_paid',
        27 => '_cart_hash',
        28 => '_customer_user',
        29 => '_order_key',
        30 => '_order_currency',
        31 => '_billing_first_name',
        32 => '_billing_last_name',
        33 => '_billing_company',
        34 => '_billing_address_1',
        35 => '_billing_address_2',
        36 => '_billing_city',
        37 => '_billing_state',
        38 => '_billing_postcode',
        39 => '_billing_country',
        40 => '_billing_email',
        41 => '_billing_phone',
        42 => '_shipping_first_name',
        43 => '_shipping_last_name',
        44 => '_shipping_company',
        45 => '_shipping_address_1',
        46 => '_shipping_address_2',
        47 => '_shipping_city',
        48 => '_shipping_state',
        49 => '_shipping_postcode',
        50 => '_shipping_country',
        51 => '_completed_date',
        52 => '_paid_date',
        53 => '_edit_lock',
        54 => '_edit_last',
        55 => '_cart_discount',
        56 => '_cart_discount_tax',
        57 => '_order_shipping',
        58 => '_order_shipping_tax',
        59 => '_order_tax',
        60 => '_order_total',
        61 => '_payment_method',
        62 => '_payment_method_title',
        63 => '_transaction_id',
        64 => '_customer_ip_address',
        65 => '_customer_user_agent',
        66 => '_created_via',
        67 => '_order_version',
        68 => '_prices_include_tax',
        69 => '_date_completed',
        70 => '_date_paid',
        71 => '_payment_tokens',
        72 => '_billing_address_index',
        73 => '_shipping_address_index',
        74 => '_recorded_sales',
        75 => '_recorded_coupon_usage_counts',
        76 => '_shipping_method',
      ),
       'meta_type' => 'post',
       'object_id_field_for_meta' => '',
    )),
     'stores' => 
    array (
      'coupon' => 'WC_Coupon_Data_Store_CPT',
      'customer' => 'WC_Customer_Data_Store',
      'customer-download' => 'WC_Customer_Download_Data_Store',
      'customer-session' => 'WC_Customer_Data_Store_Session',
      'order' => 'WC_Order_Data_Store_CPT',
      'order-refund' => 'WC_Order_Refund_Data_Store_CPT',
      'order-item' => 'WC_Order_Item_Data_Store',
      'order-item-coupon' => 'WC_Order_Item_Coupon_Data_Store',
      'order-item-fee' => 'WC_Order_Item_Fee_Data_Store',
      'order-item-product' => 'WC_Order_Item_Product_Data_Store',
      'order-item-shipping' => 'WC_Order_Item_Shipping_Data_Store',
      'order-item-tax' => 'WC_Order_Item_Tax_Data_Store',
      'payment-token' => 'WC_Payment_Token_Data_Store',
      'product' => 'WC_Product_Data_Store_CPT',
      'product-grouped' => 'WC_Product_Grouped_Data_Store_CPT',
      'product-variable' => 'WC_Product_Variable_Data_Store_CPT',
      'product-variation' => 'WC_Product_Variation_Data_Store_CPT',
      'shipping-zone' => 'WC_Shipping_Zone_Data_Store',
    ),
     'current_class_name' => 'WC_Order_Data_Store_CPT',
     'object_type' => 'order',
  )),
   'meta_data' => 
  array (
  ),
))
WC_Order::__set_state(array(
   'status_transition' => false,
   'data' => 
  array (
    'parent_id' => 0,
    'status' => 'pending',
    'currency' => 'RUB',
    'version' => '3.0.5',
    'prices_include_tax' => false,
    'date_created' => 
    WC_DateTime::__set_state(array(
       'utc_offset' => 10800,
       'date' => '2017-05-01 13:31:39.000000',
       'timezone_type' => 1,
       'timezone' => '+00:00',
    )),
    'date_modified' => 
    WC_DateTime::__set_state(array(
       'utc_offset' => 10800,
       'date' => '2017-05-01 13:31:39.000000',
       'timezone_type' => 1,
       'timezone' => '+00:00',
    )),
    'discount_total' => '0',
    'discount_tax' => '0',
    'shipping_total' => '0',
    'shipping_tax' => '0',
    'cart_tax' => '0',
    'total' => '1000',
    'total_tax' => '0',
    'customer_id' => 1,
    'order_key' => 'wc_order_590738bb1dafd',
    'billing' => 
    array (
      'first_name' => 'Иван',
      'last_name' => 'Никитин',
      'company' => '',
      'address_1' => 'Комитетский лес, 10, кв. 25',
      'address_2' => '',
      'city' => 'Королев',
      'state' => 'Московская область',
      'postcode' => '141067',
      'country' => 'RU',
      'email' => 'ivan@nikitin.biz',
      'phone' => '79151732528',
    ),
    'shipping' => 
    array (
      'first_name' => '',
      'last_name' => '',
      'company' => '',
      'address_1' => '',
      'address_2' => '',
      'city' => '',
      'state' => '',
      'postcode' => '',
      'country' => '',
    ),
    'payment_method' => 'cheque',
    'payment_method_title' => 'Чековые платежи',
    'transaction_id' => '',
    'customer_ip_address' => '87.228.104.238',
    'customer_user_agent' => 'mozilla/5.0 (windows nt 10.0; win64; x64) applewebkit/537.36 (khtml, like gecko) chrome/58.0.3029.81 safari/537.36',
    'created_via' => 'checkout',
    'customer_note' => '',
    'date_completed' => NULL,
    'date_paid' => NULL,
    'cart_hash' => 'f78afdf53ff9de0c9a472711f8dda748',
  ),
   'items' => 
  array (
    'line_items' => 
    array (
    ),
  ),
   'items_to_delete' => 
  array (
  ),
   'cache_group' => 'orders',
   'data_store_name' => 'order',
   'object_type' => 'order',
   'id' => 29,
   'changes' => 
  array (
  ),
   'object_read' => true,
   'extra_data' => 
  array (
  ),
   'default_data' => 
  array (
    'parent_id' => 0,
    'status' => '',
    'currency' => '',
    'version' => '',
    'prices_include_tax' => false,
    'date_created' => NULL,
    'date_modified' => NULL,
    'discount_total' => 0,
    'discount_tax' => 0,
    'shipping_total' => 0,
    'shipping_tax' => 0,
    'cart_tax' => 0,
    'total' => 0,
    'total_tax' => 0,
    'customer_id' => 0,
    'order_key' => '',
    'billing' => 
    array (
      'first_name' => '',
      'last_name' => '',
      'company' => '',
      'address_1' => '',
      'address_2' => '',
      'city' => '',
      'state' => '',
      'postcode' => '',
      'country' => '',
      'email' => '',
      'phone' => '',
    ),
    'shipping' => 
    array (
      'first_name' => '',
      'last_name' => '',
      'company' => '',
      'address_1' => '',
      'address_2' => '',
      'city' => '',
      'state' => '',
      'postcode' => '',
      'country' => '',
    ),
    'payment_method' => '',
    'payment_method_title' => '',
    'transaction_id' => '',
    'customer_ip_address' => '',
    'customer_user_agent' => '',
    'created_via' => '',
    'customer_note' => '',
    'date_completed' => NULL,
    'date_paid' => NULL,
    'cart_hash' => '',
  ),
   'data_store' => 
  WC_Data_Store::__set_state(array(
     'instance' => 
    WC_Order_Data_Store_CPT::__set_state(array(
       'internal_meta_keys' => 
      array (
        0 => '_parent_id',
        1 => '_status',
        2 => '_currency',
        3 => '_version',
        4 => '_prices_include_tax',
        5 => '_date_created',
        6 => '_date_modified',
        7 => '_discount_total',
        8 => '_discount_tax',
        9 => '_shipping_total',
        10 => '_shipping_tax',
        11 => '_cart_tax',
        12 => '_total',
        13 => '_total_tax',
        14 => '_customer_id',
        15 => '_order_key',
        16 => '_billing',
        17 => '_shipping',
        18 => '_payment_method',
        19 => '_payment_method_title',
        20 => '_transaction_id',
        21 => '_customer_ip_address',
        22 => '_customer_user_agent',
        23 => '_created_via',
        24 => '_customer_note',
        25 => '_date_completed',
        26 => '_date_paid',
        27 => '_cart_hash',
        28 => '_customer_user',
        29 => '_order_key',
        30 => '_order_currency',
        31 => '_billing_first_name',
        32 => '_billing_last_name',
        33 => '_billing_company',
        34 => '_billing_address_1',
        35 => '_billing_address_2',
        36 => '_billing_city',
        37 => '_billing_state',
        38 => '_billing_postcode',
        39 => '_billing_country',
        40 => '_billing_email',
        41 => '_billing_phone',
        42 => '_shipping_first_name',
        43 => '_shipping_last_name',
        44 => '_shipping_company',
        45 => '_shipping_address_1',
        46 => '_shipping_address_2',
        47 => '_shipping_city',
        48 => '_shipping_state',
        49 => '_shipping_postcode',
        50 => '_shipping_country',
        51 => '_completed_date',
        52 => '_paid_date',
        53 => '_edit_lock',
        54 => '_edit_last',
        55 => '_cart_discount',
        56 => '_cart_discount_tax',
        57 => '_order_shipping',
        58 => '_order_shipping_tax',
        59 => '_order_tax',
        60 => '_order_total',
        61 => '_payment_method',
        62 => '_payment_method_title',
        63 => '_transaction_id',
        64 => '_customer_ip_address',
        65 => '_customer_user_agent',
        66 => '_created_via',
        67 => '_order_version',
        68 => '_prices_include_tax',
        69 => '_date_completed',
        70 => '_date_paid',
        71 => '_payment_tokens',
        72 => '_billing_address_index',
        73 => '_shipping_address_index',
        74 => '_recorded_sales',
        75 => '_recorded_coupon_usage_counts',
        76 => '_shipping_method',
      ),
       'meta_type' => 'post',
       'object_id_field_for_meta' => '',
    )),
     'stores' => 
    array (
      'coupon' => 'WC_Coupon_Data_Store_CPT',
      'customer' => 'WC_Customer_Data_Store',
      'customer-download' => 'WC_Customer_Download_Data_Store',
      'customer-session' => 'WC_Customer_Data_Store_Session',
      'order' => 'WC_Order_Data_Store_CPT',
      'order-refund' => 'WC_Order_Refund_Data_Store_CPT',
      'order-item' => 'WC_Order_Item_Data_Store',
      'order-item-coupon' => 'WC_Order_Item_Coupon_Data_Store',
      'order-item-fee' => 'WC_Order_Item_Fee_Data_Store',
      'order-item-product' => 'WC_Order_Item_Product_Data_Store',
      'order-item-shipping' => 'WC_Order_Item_Shipping_Data_Store',
      'order-item-tax' => 'WC_Order_Item_Tax_Data_Store',
      'payment-token' => 'WC_Payment_Token_Data_Store',
      'product' => 'WC_Product_Data_Store_CPT',
      'product-grouped' => 'WC_Product_Grouped_Data_Store_CPT',
      'product-variable' => 'WC_Product_Variable_Data_Store_CPT',
      'product-variation' => 'WC_Product_Variation_Data_Store_CPT',
      'shipping-zone' => 'WC_Shipping_Zone_Data_Store',
    ),
     'current_class_name' => 'WC_Order_Data_Store_CPT',
     'object_type' => 'order',
  )),
   'meta_data' => 
  array (
  ),
))
WC_Order::__set_state(array(
   'status_transition' => false,
   'data' => 
  array (
    'parent_id' => 0,
    'status' => 'pending',
    'currency' => 'RUB',
    'version' => '3.0.5',
    'prices_include_tax' => false,
    'date_created' => 
    WC_DateTime::__set_state(array(
       'utc_offset' => 10800,
       'date' => '2017-05-01 13:33:37.000000',
       'timezone_type' => 1,
       'timezone' => '+00:00',
    )),
    'date_modified' => 
    WC_DateTime::__set_state(array(
       'utc_offset' => 10800,
       'date' => '2017-05-01 13:33:37.000000',
       'timezone_type' => 1,
       'timezone' => '+00:00',
    )),
    'discount_total' => '0',
    'discount_tax' => '0',
    'shipping_total' => '0',
    'shipping_tax' => '0',
    'cart_tax' => '0',
    'total' => '1000',
    'total_tax' => '0',
    'customer_id' => 1,
    'order_key' => 'wc_order_590739316f9e1',
    'billing' => 
    array (
      'first_name' => 'Иван',
      'last_name' => 'Никитин',
      'company' => '',
      'address_1' => 'Комитетский лес, 10, кв. 25',
      'address_2' => '',
      'city' => 'Королев',
      'state' => 'Московская область',
      'postcode' => '141067',
      'country' => 'RU',
      'email' => 'ivan@nikitin.biz',
      'phone' => '79151732528',
    ),
    'shipping' => 
    array (
      'first_name' => '',
      'last_name' => '',
      'company' => '',
      'address_1' => '',
      'address_2' => '',
      'city' => '',
      'state' => '',
      'postcode' => '',
      'country' => '',
    ),
    'payment_method' => 'cheque',
    'payment_method_title' => 'Чековые платежи',
    'transaction_id' => '',
    'customer_ip_address' => '87.228.104.238',
    'customer_user_agent' => 'mozilla/5.0 (windows nt 10.0; win64; x64) applewebkit/537.36 (khtml, like gecko) chrome/58.0.3029.81 safari/537.36',
    'created_via' => 'checkout',
    'customer_note' => '',
    'date_completed' => NULL,
    'date_paid' => NULL,
    'cart_hash' => 'f78afdf53ff9de0c9a472711f8dda748',
  ),
   'items' => 
  array (
    'line_items' => 
    array (
    ),
  ),
   'items_to_delete' => 
  array (
  ),
   'cache_group' => 'orders',
   'data_store_name' => 'order',
   'object_type' => 'order',
   'id' => 30,
   'changes' => 
  array (
  ),
   'object_read' => true,
   'extra_data' => 
  array (
  ),
   'default_data' => 
  array (
    'parent_id' => 0,
    'status' => '',
    'currency' => '',
    'version' => '',
    'prices_include_tax' => false,
    'date_created' => NULL,
    'date_modified' => NULL,
    'discount_total' => 0,
    'discount_tax' => 0,
    'shipping_total' => 0,
    'shipping_tax' => 0,
    'cart_tax' => 0,
    'total' => 0,
    'total_tax' => 0,
    'customer_id' => 0,
    'order_key' => '',
    'billing' => 
    array (
      'first_name' => '',
      'last_name' => '',
      'company' => '',
      'address_1' => '',
      'address_2' => '',
      'city' => '',
      'state' => '',
      'postcode' => '',
      'country' => '',
      'email' => '',
      'phone' => '',
    ),
    'shipping' => 
    array (
      'first_name' => '',
      'last_name' => '',
      'company' => '',
      'address_1' => '',
      'address_2' => '',
      'city' => '',
      'state' => '',
      'postcode' => '',
      'country' => '',
    ),
    'payment_method' => '',
    'payment_method_title' => '',
    'transaction_id' => '',
    'customer_ip_address' => '',
    'customer_user_agent' => '',
    'created_via' => '',
    'customer_note' => '',
    'date_completed' => NULL,
    'date_paid' => NULL,
    'cart_hash' => '',
  ),
   'data_store' => 
  WC_Data_Store::__set_state(array(
     'instance' => 
    WC_Order_Data_Store_CPT::__set_state(array(
       'internal_meta_keys' => 
      array (
        0 => '_parent_id',
        1 => '_status',
        2 => '_currency',
        3 => '_version',
        4 => '_prices_include_tax',
        5 => '_date_created',
        6 => '_date_modified',
        7 => '_discount_total',
        8 => '_discount_tax',
        9 => '_shipping_total',
        10 => '_shipping_tax',
        11 => '_cart_tax',
        12 => '_total',
        13 => '_total_tax',
        14 => '_customer_id',
        15 => '_order_key',
        16 => '_billing',
        17 => '_shipping',
        18 => '_payment_method',
        19 => '_payment_method_title',
        20 => '_transaction_id',
        21 => '_customer_ip_address',
        22 => '_customer_user_agent',
        23 => '_created_via',
        24 => '_customer_note',
        25 => '_date_completed',
        26 => '_date_paid',
        27 => '_cart_hash',
        28 => '_customer_user',
        29 => '_order_key',
        30 => '_order_currency',
        31 => '_billing_first_name',
        32 => '_billing_last_name',
        33 => '_billing_company',
        34 => '_billing_address_1',
        35 => '_billing_address_2',
        36 => '_billing_city',
        37 => '_billing_state',
        38 => '_billing_postcode',
        39 => '_billing_country',
        40 => '_billing_email',
        41 => '_billing_phone',
        42 => '_shipping_first_name',
        43 => '_shipping_last_name',
        44 => '_shipping_company',
        45 => '_shipping_address_1',
        46 => '_shipping_address_2',
        47 => '_shipping_city',
        48 => '_shipping_state',
        49 => '_shipping_postcode',
        50 => '_shipping_country',
        51 => '_completed_date',
        52 => '_paid_date',
        53 => '_edit_lock',
        54 => '_edit_last',
        55 => '_cart_discount',
        56 => '_cart_discount_tax',
        57 => '_order_shipping',
        58 => '_order_shipping_tax',
        59 => '_order_tax',
        60 => '_order_total',
        61 => '_payment_method',
        62 => '_payment_method_title',
        63 => '_transaction_id',
        64 => '_customer_ip_address',
        65 => '_customer_user_agent',
        66 => '_created_via',
        67 => '_order_version',
        68 => '_prices_include_tax',
        69 => '_date_completed',
        70 => '_date_paid',
        71 => '_payment_tokens',
        72 => '_billing_address_index',
        73 => '_shipping_address_index',
        74 => '_recorded_sales',
        75 => '_recorded_coupon_usage_counts',
        76 => '_shipping_method',
      ),
       'meta_type' => 'post',
       'object_id_field_for_meta' => '',
    )),
     'stores' => 
    array (
      'coupon' => 'WC_Coupon_Data_Store_CPT',
      'customer' => 'WC_Customer_Data_Store',
      'customer-download' => 'WC_Customer_Download_Data_Store',
      'customer-session' => 'WC_Customer_Data_Store_Session',
      'order' => 'WC_Order_Data_Store_CPT',
      'order-refund' => 'WC_Order_Refund_Data_Store_CPT',
      'order-item' => 'WC_Order_Item_Data_Store',
      'order-item-coupon' => 'WC_Order_Item_Coupon_Data_Store',
      'order-item-fee' => 'WC_Order_Item_Fee_Data_Store',
      'order-item-product' => 'WC_Order_Item_Product_Data_Store',
      'order-item-shipping' => 'WC_Order_Item_Shipping_Data_Store',
      'order-item-tax' => 'WC_Order_Item_Tax_Data_Store',
      'payment-token' => 'WC_Payment_Token_Data_Store',
      'product' => 'WC_Product_Data_Store_CPT',
      'product-grouped' => 'WC_Product_Grouped_Data_Store_CPT',
      'product-variable' => 'WC_Product_Variable_Data_Store_CPT',
      'product-variation' => 'WC_Product_Variation_Data_Store_CPT',
      'shipping-zone' => 'WC_Shipping_Zone_Data_Store',
    ),
     'current_class_name' => 'WC_Order_Data_Store_CPT',
     'object_type' => 'order',
  )),
   'meta_data' => 
  array (
  ),
))
